
Gurobi 6.5.1 (linux64) logging started Fri May 20 07:09:44 2016

Optimize a model with 5 rows, 12 columns and 44 nonzeros
Model has 16 quadratic objective terms
Coefficient statistics:
  Matrix range    [4e-03, 1e+00]
  Objective range [1e-01, 3e-01]
  Bounds range    [3e-01, 1e+05]
  RHS range       [1e+00, 1e+00]
Presolve time: 0.00s
Presolved: 5 rows, 12 columns, 44 nonzeros
Presolved model has 16 quadratic objective terms
Ordering time: 0.00s

Barrier statistics:
 Free vars  : 3
 AA' NZ     : 1.900e+01
 Factor NZ  : 3.600e+01
 Factor Ops : 2.040e+02 (less than 1 second per iteration)
 Threads    : 1

                  Objective                Residual
Iter       Primal          Dual         Primal    Dual     Compl     Time
   0   5.71619287e+09 -2.30146287e+10  2.41e+05 3.79e+04  1.39e+08     0s
   1   1.36383028e+07 -7.74046570e+08  9.73e+03 1.53e+03  7.80e+06     0s
   2   1.25121301e+05 -7.61932225e+07  9.23e+02 1.45e+02  9.38e+05     0s
   3   1.03353882e+01 -4.01204423e+05  4.61e+00 7.26e-01  5.57e+03     0s
   4  -1.34796143e-01 -4.29459225e+03  9.93e-03 1.56e-03  1.54e+02     0s
   5  -1.31652832e-01 -1.59036560e+01  2.99e-05 4.70e-06  5.76e-01     0s
   6  -1.47003174e-01 -1.34762573e+00  2.08e-06 3.27e-07  4.43e-02     0s
   7  -2.43774414e-01 -5.40344238e-01  5.68e-09 8.94e-10  1.23e-02     0s
   8  -2.97271729e-01 -3.38623047e-01  2.62e-10 9.28e-16  1.72e-03     0s
   9  -3.05633545e-01 -3.10363770e-01  2.91e-10 8.43e-17  2.01e-04     0s
  10  -3.06793213e-01 -3.06945801e-01  1.89e-10 5.20e-11  8.31e-06     0s
  11  -3.06823730e-01 -3.06915283e-01  3.23e-09 1.16e-10  4.84e-08     0s
  12  -3.06823730e-01 -3.06823730e-01  9.02e-10 1.32e-16  4.86e-11     0s

Barrier solved model in 12 iterations and 0.00 seconds
Optimal objective -3.06823730e-01


Gurobi 6.5.1 (linux64) logging started Fri May 20 08:40:28 2016

Optimize a model with 5 rows, 12 columns and 44 nonzeros
Coefficient statistics:
  Matrix range    [4e-03, 1e+00]
  Objective range [1e-01, 3e-01]
  Bounds range    [3e-01, 1e+05]
  RHS range       [1e+00, 1e+00]
Presolve removed 4 rows and 4 columns
Presolve time: 0.00s
Presolved: 1 rows, 8 columns, 8 nonzeros

Iteration    Objective       Primal Inf.    Dual Inf.      Time
       0   -3.4092074e-01   2.000000e-01   0.000000e+00      0s
       1   -3.2623617e-01   0.000000e+00   0.000000e+00      0s

Solved in 1 iterations and 0.00 seconds
Optimal objective -3.262361720e-01

Gurobi 6.5.1 (linux64) logging started Fri May 20 09:04:44 2016

Warning for adding constraints: zero or small (< 1e-13) coefficients, ignored
Optimize a model with 11 rows, 957 columns and 10337 nonzeros
Model has 992 quadratic objective terms
Coefficient statistics:
  Matrix range    [4e-06, 1e+00]
  Objective range [4e-06, 6e-03]
  Bounds range    [1e+00, 1e+05]
  RHS range       [1e+00, 1e+00]
Presolve time: 0.00s
Presolved: 11 rows, 957 columns, 10337 nonzeros
Presolved model has 992 quadratic objective terms
Ordering time: 0.00s

Barrier statistics:
 Free vars  : 9
 AA' NZ     : 1.450e+02
 Factor NZ  : 2.100e+02
 Factor Ops : 2.870e+03 (less than 1 second per iteration)
 Threads    : 1

                  Objective                Residual
Iter       Primal          Dual         Primal    Dual     Compl     Time
   0   2.51731135e+08 -2.97391657e+08  3.44e+05 1.02e-01  3.41e+05     0s
   1   1.02469971e+07 -2.21260530e+07  6.01e+04 1.55e-10  6.39e+04     0s
   2   5.88809393e+05 -2.25798533e+06  6.82e+03 1.76e-11  7.75e+03     0s
   3   1.92427861e+04 -1.13347734e+05  2.98e+02 7.53e-13  3.76e+02     0s
   4   9.93144536e+00 -5.42965342e+02  1.16e+00 8.81e-13  1.57e+00     0s
   5   1.88486651e-04 -1.69378766e+01  1.16e-06 1.53e-12  8.85e-03     0s
   6   1.87843922e-04 -2.09476721e-02  2.89e-10 1.03e-12  1.10e-05     0s
   7  -2.75064958e-05 -4.01962898e-03  5.35e-11 1.90e-13  2.09e-06     0s
   8  -1.78370380e-03 -3.73616873e-03  4.18e-11 1.97e-16  1.02e-06     0s
   9  -2.20621028e-03 -3.07903043e-03  4.20e-09 1.53e-16  4.56e-07     0s
  10  -2.37589073e-03 -2.73268973e-03  5.35e-10 2.27e-13  1.86e-07     0s
  11  -2.62315525e-03 -2.63481983e-03  5.09e-11 1.36e-16  6.09e-09     0s
  12  -2.63003027e-03 -2.63006520e-03  2.56e-09 1.39e-16  1.84e-11     0s
  13  -2.63005507e-03 -2.63005658e-03  3.67e-09 2.27e-13  8.37e-13     0s

Barrier solved model in 13 iterations and 0.02 seconds
Optimal objective -2.63005507e-03


Gurobi 6.5.1 (linux64) logging started Fri May 20 09:08:10 2016

Warning for adding constraints: zero or small (< 1e-13) coefficients, ignored

Gurobi 6.5.1 (linux64) logging started Fri May 20 09:26:32 2016

Warning for adding constraints: zero or small (< 1e-13) coefficients, ignored

Gurobi 6.5.1 (linux64) logging started Fri May 20 09:44:54 2016

Optimize a model with 22 rows, 38 columns and 126 nonzeros
Coefficient statistics:
  Matrix range    [4e-03, 1e+00]
  Objective range [1e+00, 1e+00]
  Bounds range    [3e-01, 1e+05]
  RHS range       [1e+00, 1e+00]
Presolve removed 4 rows and 4 columns
Presolve time: 0.00s
Presolved: 18 rows, 34 columns, 90 nonzeros

Iteration    Objective       Primal Inf.    Dual Inf.      Time
       0   -1.0000000e+04   1.000002e+05   0.000000e+00      0s
      20   -1.8713889e-01   0.000000e+00   0.000000e+00      0s

Solved in 20 iterations and 0.01 seconds
Optimal objective -1.871388920e-01

Gurobi 6.5.1 (linux64) logging started Fri May 20 12:03:00 2016

Warning for adding constraints: zero or small (< 1e-13) coefficients, ignored
Optimize a model with 1906 rows, 3800 columns and 19809 nonzeros
Coefficient statistics:
  Matrix range    [4e-06, 1e+00]
  Objective range [1e+00, 1e+00]
  Bounds range    [1e+00, 1e+05]
  RHS range       [1e+00, 1e+00]
Presolve removed 277 rows and 544 columns
Presolve time: 0.01s
Presolved: 1629 rows, 3256 columns, 8817 nonzeros

Iteration    Objective       Primal Inf.    Dual Inf.      Time
       0   -4.6678185e+03   4.667818e+04   0.000000e+00      0s
    1844   -4.2275201e-04   0.000000e+00   0.000000e+00      0s

Solved in 1844 iterations and 0.08 seconds
Optimal objective -4.227520122e-04

Gurobi 6.5.1 (linux64) logging started Fri May 20 12:03:47 2016

Warning for adding constraints: zero or small (< 1e-13) coefficients, ignored
Optimize a model with 1906 rows, 3800 columns and 19809 nonzeros
Model has 992 quadratic objective terms
Coefficient statistics:
  Matrix range    [4e-06, 1e+00]
  Objective range [1e+00, 1e+00]
  Bounds range    [1e+00, 1e+05]
  RHS range       [1e+00, 1e+00]
Presolve removed 267 rows and 267 columns
Presolve time: 0.01s
Presolved: 1639 rows, 3533 columns, 18474 nonzeros
Presolved model has 992 quadratic objective terms
Ordering time: 0.00s

Barrier statistics:
 Dense cols : 1
 Free vars  : 9
 AA' NZ     : 1.081e+04
 Factor NZ  : 2.095e+04 (roughly 2 MBytes of memory)
 Factor Ops : 2.981e+05 (less than 1 second per iteration)
 Threads    : 1

                  Objective                Residual
Iter       Primal          Dual         Primal    Dual     Compl     Time
   0   4.90687758e+11 -5.01315358e+11  1.50e+07 4.31e+04  3.52e+07     0s
   1   2.53421973e+10 -3.37822007e+10  3.39e+06 9.73e+03  8.63e+06     0s
   2   7.85620728e+08 -4.91712176e+09  5.42e+05 1.56e+03  1.72e+06     0s
   3   3.30859737e+07 -1.61043095e+09  9.09e+04 2.61e+02  4.01e+05     0s
   4   7.05684756e+06 -6.68782419e+08  2.75e+04 7.89e+01  1.39e+05     0s
   5   7.85562966e+05 -2.35466303e+08  5.76e+03 1.66e+01  4.18e+04     0s
   6   1.36676621e+05 -8.61067068e+07  1.81e+03 5.19e+00  1.51e+04     0s
   7   5.22732363e+04 -3.10195412e+07  6.56e+02 1.88e+00  5.88e+03     0s
   8   4.84367105e+04 -2.80384271e+07  6.02e+02 1.73e+00  5.39e+03     0s
   9   4.21821380e+04 -2.42558901e+07  5.23e+02 1.50e+00  4.90e+03     0s
  10   2.31345537e+04 -1.43849732e+07  3.10e+02 8.90e-01  3.33e+03     0s
  11   3.78204269e+02 -2.54646345e+06  4.19e+01 1.20e-01  6.04e+02     0s
  12   1.26827402e-02 -1.64664336e+04  2.23e-01 6.40e-04  3.58e+00     0s
  13   1.57771516e-04 -1.02375421e+03  1.20e-02 3.45e-05  2.07e-01     0s
  14   9.39237652e-05 -4.45767670e+02  3.96e-03 1.14e-05  7.96e-02     0s
  15   7.69372564e-05 -1.64823065e+02  9.90e-04 2.84e-06  2.47e-02     0s
  16   7.08143925e-05 -2.38392162e+01  3.30e-05 9.48e-08  2.81e-03     0s
  17   7.05441926e-05 -6.60558966e-02  2.91e-08 8.34e-11  7.61e-06     0s
  18   7.04793492e-05 -7.16556096e-04  1.12e-09 9.93e-13  9.05e-08     0s
  19   6.81267120e-05 -6.06891699e-04  8.32e-10 7.36e-13  7.77e-08     0s
  20  -1.73321227e-04 -4.92189429e-04  3.81e-10 3.29e-13  3.67e-08     0s
  21  -3.18820239e-04 -3.98480450e-04  3.70e-09 4.08e-14  9.16e-09     0s
  22  -3.45298322e-04 -3.70800379e-04  1.92e-09 9.23e-15  2.93e-09     0s
  23  -3.52994655e-04 -3.62489256e-04  2.08e-09 2.65e-15  1.09e-09     0s
  24  -3.56253586e-04 -3.58938822e-04  3.93e-09 2.27e-13  3.09e-10     0s
  25  -3.57385958e-04 -3.57679906e-04  8.24e-10 2.27e-13  3.38e-11     0s
  26  -3.57524143e-04 -3.57524958e-04  5.89e-10 1.69e-16  1.05e-13     0s

Barrier solved model in 26 iterations and 0.09 seconds
Optimal objective -3.57524143e-04


Gurobi 6.5.1 (linux64) logging started Fri May 20 12:37:20 2016

Warning for adding constraints: zero or small (< 1e-13) coefficients, ignored
Optimize a model with 1906 rows, 3800 columns and 19809 nonzeros
Coefficient statistics:
  Matrix range    [4e-06, 1e+00]
  Objective range [1e+00, 1e+00]
  Bounds range    [1e+00, 1e+05]
  RHS range       [1e+00, 1e+00]
Presolve removed 277 rows and 544 columns
Presolve time: 0.01s
Presolved: 1629 rows, 3256 columns, 8817 nonzeros

Iteration    Objective       Primal Inf.    Dual Inf.      Time
       0   -4.6678185e+03   4.667818e+04   0.000000e+00      0s
    1844   -4.2275201e-04   0.000000e+00   0.000000e+00      0s

Solved in 1844 iterations and 0.07 seconds
Optimal objective -4.227520122e-04

Gurobi 6.5.1 (linux64) logging started Fri May 20 12:40:09 2016

Warning for adding constraints: zero or small (< 1e-13) coefficients, ignored
Optimize a model with 1906 rows, 3800 columns and 19809 nonzeros
Model has 992 quadratic objective terms
Coefficient statistics:
  Matrix range    [4e-06, 1e+00]
  Objective range [1e+00, 1e+00]
  Bounds range    [1e+00, 1e+05]
  RHS range       [1e+00, 1e+00]
Presolve removed 267 rows and 267 columns
Presolve time: 0.01s
Presolved: 1639 rows, 3533 columns, 18474 nonzeros
Presolved model has 992 quadratic objective terms
Ordering time: 0.00s

Barrier statistics:
 Dense cols : 1
 Free vars  : 9
 AA' NZ     : 1.081e+04
 Factor NZ  : 2.095e+04 (roughly 2 MBytes of memory)
 Factor Ops : 2.981e+05 (less than 1 second per iteration)
 Threads    : 1

                  Objective                Residual
Iter       Primal          Dual         Primal    Dual     Compl     Time
   0   4.90687758e+11 -5.01315358e+11  1.50e+07 4.31e+04  3.52e+07     0s
   1   2.53421973e+10 -3.37822007e+10  3.39e+06 9.73e+03  8.63e+06     0s
   2   7.85620728e+08 -4.91712176e+09  5.42e+05 1.56e+03  1.72e+06     0s
   3   3.30859737e+07 -1.61043095e+09  9.09e+04 2.61e+02  4.01e+05     0s
   4   7.05684756e+06 -6.68782419e+08  2.75e+04 7.89e+01  1.39e+05     0s
   5   7.85562966e+05 -2.35466303e+08  5.76e+03 1.66e+01  4.18e+04     0s
   6   1.36676621e+05 -8.61067068e+07  1.81e+03 5.19e+00  1.51e+04     0s
   7   5.22732363e+04 -3.10195412e+07  6.56e+02 1.88e+00  5.88e+03     0s
   8   4.84367105e+04 -2.80384271e+07  6.02e+02 1.73e+00  5.39e+03     0s
   9   4.21821380e+04 -2.42558901e+07  5.23e+02 1.50e+00  4.90e+03     0s
  10   2.31345537e+04 -1.43849732e+07  3.10e+02 8.90e-01  3.33e+03     0s
  11   3.78204269e+02 -2.54646345e+06  4.19e+01 1.20e-01  6.04e+02     0s
  12   1.26827402e-02 -1.64664336e+04  2.23e-01 6.40e-04  3.58e+00     0s
  13   1.57771516e-04 -1.02375421e+03  1.20e-02 3.45e-05  2.07e-01     0s
  14   9.39237652e-05 -4.45767670e+02  3.96e-03 1.14e-05  7.96e-02     0s
  15   7.69372564e-05 -1.64823065e+02  9.90e-04 2.84e-06  2.47e-02     0s
  16   7.08143925e-05 -2.38392162e+01  3.30e-05 9.48e-08  2.81e-03     0s
  17   7.05441926e-05 -6.60558966e-02  2.91e-08 8.34e-11  7.61e-06     0s
  18   7.04793492e-05 -7.16556096e-04  1.12e-09 9.93e-13  9.05e-08     0s
  19   6.81267120e-05 -6.06891699e-04  8.32e-10 7.36e-13  7.77e-08     0s
  20  -1.73321227e-04 -4.92189429e-04  3.81e-10 3.29e-13  3.67e-08     0s
  21  -3.18820239e-04 -3.98480450e-04  3.70e-09 4.08e-14  9.16e-09     0s
  22  -3.45298322e-04 -3.70800379e-04  1.92e-09 9.23e-15  2.93e-09     0s
  23  -3.52994655e-04 -3.62489256e-04  2.08e-09 2.65e-15  1.09e-09     0s
  24  -3.56253586e-04 -3.58938822e-04  3.93e-09 2.27e-13  3.09e-10     0s
  25  -3.57385958e-04 -3.57679906e-04  8.24e-10 2.27e-13  3.38e-11     0s
  26  -3.57524143e-04 -3.57524958e-04  5.89e-10 1.69e-16  1.05e-13     0s

Barrier solved model in 26 iterations and 0.07 seconds
Optimal objective -3.57524143e-04


Gurobi 6.5.1 (linux64) logging started Wed May 25 16:16:46 2016

Warning for adding constraints: zero or small (< 1e-13) coefficients, ignored
Optimize a model with 11 rows, 957 columns and 10337 nonzeros
Model has 992 quadratic objective terms
Coefficient statistics:
  Matrix range    [4e-06, 1e+00]
  Objective range [4e-06, 6e-03]
  Bounds range    [1e+00, 1e+05]
  RHS range       [1e+00, 1e+00]
Presolve time: 0.00s
Presolved: 11 rows, 957 columns, 10337 nonzeros
Presolved model has 992 quadratic objective terms
Ordering time: 0.00s

Barrier statistics:
 Free vars  : 9
 AA' NZ     : 1.450e+02
 Factor NZ  : 2.100e+02
 Factor Ops : 2.870e+03 (less than 1 second per iteration)
 Threads    : 1

                  Objective                Residual
Iter       Primal          Dual         Primal    Dual     Compl     Time
   0   2.53702099e+08 -4.19383272e+08  4.37e+05 3.19e-02  4.26e+05     0s
   1   1.29240599e+07 -4.94132166e+07  8.28e+04 3.00e-10  8.78e+04     0s
   2   5.57940158e+05 -3.65110659e+06  6.75e+03 2.45e-11  7.64e+03     0s
   3   1.51007582e+04 -1.63670481e+05  2.82e+02 1.01e-12  3.50e+02     0s
   4   4.82101922e+00 -7.13698441e+02  9.50e-01 7.94e-13  1.30e+00     0s
   5   6.26421906e-03 -5.54075861e+01  9.50e-07 8.99e-13  2.90e-02     0s
   6   6.25457801e-03 -6.29931856e-02  2.38e-10 9.77e-13  3.62e-05     0s
   7   4.31877933e-03 -5.65980189e-03  2.51e-09 1.33e-13  5.21e-06     0s
   8   4.71979380e-04 -4.83808108e-03  1.56e-10 2.19e-14  2.77e-06     0s
   9  -2.08400190e-04 -1.65971182e-03  3.29e-10 4.55e-13  7.58e-07     0s
  10  -8.96453857e-04 -1.37362629e-03  8.53e-10 2.44e-17  2.49e-07     0s
  11  -1.09105371e-03 -1.18866749e-03  3.02e-09 4.55e-13  5.10e-08     0s
  12  -1.15549751e-03 -1.15965120e-03  7.06e-09 6.67e-17  2.17e-09     0s
  13  -1.15884095e-03 -1.15887076e-03  4.95e-10 4.55e-13  1.60e-11     0s
  14  -1.15884654e-03 -1.15884654e-03  9.90e-10 1.64e-17  2.48e-13     0s

Barrier solved model in 14 iterations and 0.01 seconds
Optimal objective -1.15884654e-03


Gurobi 6.5.1 (linux64) logging started Wed May 25 16:17:14 2016

Warning for adding constraints: zero or small (< 1e-13) coefficients, ignored
Optimize a model with 11 rows, 957 columns and 10337 nonzeros
Model has 992 quadratic objective terms
Coefficient statistics:
  Matrix range    [4e-06, 1e+00]
  Objective range [4e-06, 6e-03]
  Bounds range    [1e+00, 1e+05]
  RHS range       [1e+00, 1e+00]
Presolve time: 0.00s
Presolved: 11 rows, 957 columns, 10337 nonzeros
Presolved model has 992 quadratic objective terms
Ordering time: 0.00s

Barrier statistics:
 Free vars  : 9
 AA' NZ     : 1.450e+02
 Factor NZ  : 2.100e+02
 Factor Ops : 2.870e+03 (less than 1 second per iteration)
 Threads    : 1

                  Objective                Residual
Iter       Primal          Dual         Primal    Dual     Compl     Time
   0   2.51731135e+08 -2.97391657e+08  3.44e+05 1.02e-01  3.41e+05     0s
   1   1.02469971e+07 -2.21260530e+07  6.01e+04 1.55e-10  6.39e+04     0s
   2   5.88809393e+05 -2.25798533e+06  6.82e+03 1.76e-11  7.75e+03     0s
   3   1.92427861e+04 -1.13347734e+05  2.98e+02 7.53e-13  3.76e+02     0s
   4   9.93144536e+00 -5.42965342e+02  1.16e+00 8.81e-13  1.57e+00     0s
   5   1.88486651e-04 -1.69378766e+01  1.16e-06 1.53e-12  8.85e-03     0s
   6   1.87843922e-04 -2.09476721e-02  2.89e-10 1.03e-12  1.10e-05     0s
   7  -2.75064958e-05 -4.01962898e-03  5.35e-11 1.90e-13  2.09e-06     0s
   8  -1.78370380e-03 -3.73616873e-03  4.18e-11 1.97e-16  1.02e-06     0s
   9  -2.20621028e-03 -3.07903043e-03  4.20e-09 1.53e-16  4.56e-07     0s
  10  -2.37589073e-03 -2.73268973e-03  5.35e-10 2.27e-13  1.86e-07     0s
  11  -2.62315525e-03 -2.63481983e-03  5.09e-11 1.36e-16  6.09e-09     0s
  12  -2.63003027e-03 -2.63006520e-03  2.56e-09 1.39e-16  1.84e-11     0s
  13  -2.63005507e-03 -2.63005658e-03  3.67e-09 2.27e-13  8.37e-13     0s

Barrier solved model in 13 iterations and 0.01 seconds
Optimal objective -2.63005507e-03


Gurobi 6.5.1 (linux64) logging started Wed May 25 16:17:18 2016

Warning for adding constraints: zero or small (< 1e-13) coefficients, ignored
Optimize a model with 11 rows, 957 columns and 10337 nonzeros
Model has 992 quadratic objective terms
Coefficient statistics:
  Matrix range    [4e-06, 1e+00]
  Objective range [4e-06, 6e-03]
  Bounds range    [1e+00, 1e+05]
  RHS range       [1e+00, 1e+00]
Presolve time: 0.00s
Presolved: 11 rows, 957 columns, 10337 nonzeros
Presolved model has 992 quadratic objective terms
Ordering time: 0.00s

Barrier statistics:
 Free vars  : 9
 AA' NZ     : 1.450e+02
 Factor NZ  : 2.100e+02
 Factor Ops : 2.870e+03 (less than 1 second per iteration)
 Threads    : 1

                  Objective                Residual
Iter       Primal          Dual         Primal    Dual     Compl     Time
   0   2.62080805e+08 -3.38987220e+08  5.00e+05 6.38e-02  3.70e+05     0s
   1   1.50550337e+07 -3.64087437e+07  1.04e+05 9.95e-11  8.38e+04     0s
   2   6.35748857e+05 -2.65738437e+06  9.37e+03 8.95e-12  8.02e+03     0s
   3   1.85860580e+04 -1.24379529e+05  3.95e+02 5.90e-13  3.73e+02     0s
   4   6.58657286e+00 -5.71831847e+02  1.53e+00 7.40e-13  1.54e+00     0s
   5   9.16331541e-04 -2.43922166e+01  1.53e-06 6.60e-13  1.27e-02     0s
   6   9.15737590e-04 -2.82080118e-02  2.96e-10 7.11e-13  1.52e-05     0s
   7   7.15541421e-04 -3.75376176e-03  1.63e-10 2.27e-13  2.34e-06     0s
   8  -4.97679692e-04 -6.49509579e-03  2.86e-09 5.29e-14  3.13e-06     0s
   9  -1.04131014e-03 -3.48349730e-03  9.73e-11 1.74e-14  1.28e-06     0s
  10  -1.78425666e-03 -2.77658878e-03  1.96e-09 6.17e-16  5.18e-07     0s
  11  -1.90587621e-03 -2.57516815e-03  1.11e-09 3.39e-16  3.50e-07     0s
  12  -2.02076812e-03 -2.34338036e-03  4.56e-10 9.31e-17  1.69e-07     0s
  13  -2.22356175e-03 -2.24331813e-03  3.42e-09 1.03e-16  1.03e-08     0s
  14  -2.23654136e-03 -2.23659561e-03  1.34e-09 8.16e-17  2.91e-11     0s
  15  -2.23656720e-03 -2.23656837e-03  1.93e-09 6.34e-17  1.09e-12     0s

Barrier solved model in 15 iterations and 0.01 seconds
Optimal objective -2.23656720e-03


Gurobi 6.5.1 (linux64) logging started Wed May 25 16:17:22 2016

Warning for adding constraints: zero or small (< 1e-13) coefficients, ignored
Optimize a model with 11 rows, 957 columns and 10337 nonzeros
Model has 992 quadratic objective terms
Coefficient statistics:
  Matrix range    [4e-06, 1e+00]
  Objective range [4e-06, 6e-03]
  Bounds range    [1e+00, 1e+05]
  RHS range       [1e+00, 1e+00]
Presolve time: 0.00s
Presolved: 11 rows, 957 columns, 10337 nonzeros
Presolved model has 992 quadratic objective terms
Ordering time: 0.00s

Barrier statistics:
 Free vars  : 9
 AA' NZ     : 1.450e+02
 Factor NZ  : 2.100e+02
 Factor Ops : 2.870e+03 (less than 1 second per iteration)
 Threads    : 1

                  Objective                Residual
Iter       Primal          Dual         Primal    Dual     Compl     Time
   0   2.51738594e+08 -3.43037292e+08  3.45e+05 5.12e-02  3.72e+05     0s
   1   9.89148245e+06 -2.83902679e+07  5.79e+04 2.98e-10  6.68e+04     0s
   2   4.57618058e+05 -2.07888004e+06  4.92e+03 2.53e-11  5.99e+03     0s
   3   9.29888395e+03 -7.54477690e+04  1.64e+02 8.95e-13  2.18e+02     0s
   4   2.51562401e+00 -2.93763957e+02  4.72e-01 1.32e-12  6.86e-01     0s
   5   2.74227094e-03 -3.19552818e+01  4.72e-07 1.23e-12  1.67e-02     0s
   6   2.73847859e-03 -3.72817977e-02  1.19e-10 8.82e-13  2.09e-05     0s
   7   1.88828493e-03 -4.40321118e-03  1.25e-09 4.55e-13  3.29e-06     0s
   8   4.49358951e-04 -5.56556042e-03  2.35e-10 6.14e-14  3.14e-06     0s
   9  -6.29953109e-04 -2.71903072e-03  2.18e-11 1.29e-14  1.09e-06     0s
  10  -1.30806118e-03 -2.10195919e-03  1.62e-10 8.99e-17  4.15e-07     0s
  11  -1.63586019e-03 -1.86958583e-03  8.05e-09 3.74e-17  1.22e-07     0s
  12  -1.73809798e-03 -1.79225719e-03  2.39e-09 2.80e-17  2.83e-08     0s
  13  -1.78564433e-03 -1.78582873e-03  6.55e-09 3.19e-17  9.70e-11     0s
  14  -1.78580685e-03 -1.78580778e-03  3.09e-09 4.55e-13  1.07e-12     0s

Barrier solved model in 14 iterations and 0.01 seconds
Optimal objective -1.78580685e-03


Gurobi 6.5.1 (linux64) logging started Wed May 25 16:17:30 2016

Warning for adding constraints: zero or small (< 1e-13) coefficients, ignored
Optimize a model with 11 rows, 957 columns and 10337 nonzeros
Model has 992 quadratic objective terms
Coefficient statistics:
  Matrix range    [4e-06, 1e+00]
  Objective range [4e-06, 6e-03]
  Bounds range    [1e+00, 1e+05]
  RHS range       [1e+00, 1e+00]
Presolve time: 0.00s
Presolved: 11 rows, 957 columns, 10337 nonzeros
Presolved model has 992 quadratic objective terms
Ordering time: 0.00s

Barrier statistics:
 Free vars  : 9
 AA' NZ     : 1.450e+02
 Factor NZ  : 2.100e+02
 Factor Ops : 2.870e+03 (less than 1 second per iteration)
 Threads    : 1

                  Objective                Residual
Iter       Primal          Dual         Primal    Dual     Compl     Time
   0   2.53245014e+08 -4.07656978e+08  5.64e+05 3.19e-02  4.15e+05     0s
   1   1.69361560e+07 -5.59230716e+07  1.32e+05 1.30e-10  1.03e+05     0s
   2   7.24046502e+05 -4.44212398e+06  1.23e+04 1.21e-11  1.00e+04     0s
   3   2.45954470e+04 -2.13326148e+05  5.41e+02 6.54e-13  4.85e+02     0s
   4   1.94947679e+01 -1.08108958e+03  2.33e+00 9.18e-13  2.25e+00     0s
   5   4.49068099e-03 -4.34287454e+01  2.33e-06 1.24e-12  2.27e-02     0s
   6   4.48121410e-03 -5.03109945e-02  6.10e-10 8.91e-13  2.86e-05     0s
   7   2.74359901e-03 -4.92334552e-03  1.04e-10 1.17e-13  4.01e-06     0s
   8   8.79678875e-04 -5.59044443e-03  4.06e-11 5.94e-14  3.38e-06     0s
   9  -5.03188930e-04 -2.25637387e-03  8.02e-09 2.27e-13  9.16e-07     0s
  10  -1.16687641e-03 -1.67571567e-03  3.66e-09 3.22e-17  2.66e-07     0s
  11  -1.44882966e-03 -1.54830795e-03  5.50e-09 2.29e-17  5.20e-08     0s
  12  -1.50062423e-03 -1.51149929e-03  6.95e-09 2.27e-13  5.68e-09     0s
  13  -1.50833093e-03 -1.50859915e-03  1.50e-09 2.60e-17  1.39e-10     0s
  14  -1.50857400e-03 -1.50857307e-03  3.66e-09 2.27e-13  7.74e-13     0s

Barrier solved model in 14 iterations and 0.01 seconds
Optimal objective -1.50857400e-03


Gurobi 6.5.1 (linux64) logging started Wed May 25 16:17:46 2016

Warning for adding constraints: zero or small (< 1e-13) coefficients, ignored
Optimize a model with 11 rows, 957 columns and 10337 nonzeros
Model has 992 quadratic objective terms
Coefficient statistics:
  Matrix range    [4e-06, 1e+00]
  Objective range [4e-06, 6e-03]
  Bounds range    [1e+00, 1e+05]
  RHS range       [1e+00, 1e+00]
Presolve time: 0.00s
Presolved: 11 rows, 957 columns, 10337 nonzeros
Presolved model has 992 quadratic objective terms
Ordering time: 0.00s

Barrier statistics:
 Free vars  : 9
 AA' NZ     : 1.450e+02
 Factor NZ  : 2.100e+02
 Factor Ops : 2.870e+03 (less than 1 second per iteration)
 Threads    : 1

                  Objective                Residual
Iter       Primal          Dual         Primal    Dual     Compl     Time
   0   2.62086215e+08 -4.15882860e+08  5.00e+05 3.19e-02  4.22e+05     0s
   1   1.59965103e+07 -5.40748032e+07  1.08e+05 2.05e-10  9.77e+04     0s
   2   6.53101271e+05 -4.04759137e+06  9.23e+03 1.76e-11  8.89e+03     0s
   3   1.73826895e+04 -1.69659877e+05  3.64e+02 9.67e-13  3.82e+02     0s
   4   5.18499487e+00 -7.48414824e+02  1.29e+00 1.05e-12  1.47e+00     0s
   5   4.02798504e-03 -4.85768010e+01  1.29e-06 1.14e-12  2.54e-02     0s
   6   4.02403902e-03 -5.40287672e-02  2.51e-10 6.87e-13  3.03e-05     0s
   7   3.04227509e-03 -4.47537750e-03  1.00e-09 8.65e-14  3.93e-06     0s
   8   1.41155906e-04 -4.58672456e-03  1.04e-10 4.55e-13  2.47e-06     0s
   9  -4.71949577e-04 -1.84888858e-03  1.13e-10 4.55e-13  7.19e-07     0s
  10  -1.10688340e-03 -1.54464692e-03  3.46e-10 2.94e-17  2.29e-07     0s
  11  -1.25256460e-03 -1.33925118e-03  4.92e-09 1.81e-17  4.53e-08     0s
  12  -1.30031724e-03 -1.30599272e-03  4.05e-09 2.70e-17  2.96e-09     0s
  13  -1.30498968e-03 -1.30502321e-03  1.38e-09 4.55e-13  1.74e-11     0s
  14  -1.30499993e-03 -1.30499993e-03  2.56e-09 2.66e-17  4.80e-13     0s

Barrier solved model in 14 iterations and 0.01 seconds
Optimal objective -1.30499993e-03


Gurobi 6.5.1 (linux64) logging started Wed May 25 16:17:55 2016

Warning for adding constraints: zero or small (< 1e-13) coefficients, ignored
Optimize a model with 11 rows, 957 columns and 10337 nonzeros
Model has 992 quadratic objective terms
Coefficient statistics:
  Matrix range    [4e-06, 1e+00]
  Objective range [4e-06, 6e-03]
  Bounds range    [1e+00, 1e+05]
  RHS range       [1e+00, 1e+00]
Presolve time: 0.00s
Presolved: 11 rows, 957 columns, 10337 nonzeros
Presolved model has 992 quadratic objective terms
Ordering time: 0.00s

Barrier statistics:
 Free vars  : 9
 AA' NZ     : 1.450e+02
 Factor NZ  : 2.100e+02
 Factor Ops : 2.870e+03 (less than 1 second per iteration)
 Threads    : 1

                  Objective                Residual
Iter       Primal          Dual         Primal    Dual     Compl     Time
   0   2.51731135e+08 -2.97391657e+08  3.44e+05 1.02e-01  3.41e+05     0s
   1   1.02469971e+07 -2.21260530e+07  6.01e+04 1.55e-10  6.39e+04     0s
   2   5.88809393e+05 -2.25798533e+06  6.82e+03 1.76e-11  7.75e+03     0s
   3   1.92427861e+04 -1.13347734e+05  2.98e+02 7.53e-13  3.76e+02     0s
   4   9.93144536e+00 -5.42965342e+02  1.16e+00 8.81e-13  1.57e+00     0s
   5   1.88486651e-04 -1.69378766e+01  1.16e-06 1.53e-12  8.85e-03     0s
   6   1.87843922e-04 -2.09476721e-02  2.89e-10 1.03e-12  1.10e-05     0s
   7  -2.75064958e-05 -4.01962898e-03  5.35e-11 1.90e-13  2.09e-06     0s
   8  -1.78370380e-03 -3.73616873e-03  4.18e-11 1.97e-16  1.02e-06     0s
   9  -2.20621028e-03 -3.07903043e-03  4.20e-09 1.53e-16  4.56e-07     0s
  10  -2.37589073e-03 -2.73268973e-03  5.35e-10 2.27e-13  1.86e-07     0s
  11  -2.62315525e-03 -2.63481983e-03  5.09e-11 1.36e-16  6.09e-09     0s
  12  -2.63003027e-03 -2.63006520e-03  2.56e-09 1.39e-16  1.84e-11     0s
  13  -2.63005507e-03 -2.63005658e-03  3.67e-09 2.27e-13  8.37e-13     0s

Barrier solved model in 13 iterations and 0.01 seconds
Optimal objective -2.63005507e-03


Gurobi 6.5.1 (linux64) logging started Wed May 25 16:18:02 2016

Warning for adding constraints: zero or small (< 1e-13) coefficients, ignored
Optimize a model with 11 rows, 957 columns and 10337 nonzeros
Model has 992 quadratic objective terms
Coefficient statistics:
  Matrix range    [4e-06, 1e+00]
  Objective range [4e-06, 6e-03]
  Bounds range    [1e+00, 1e+05]
  RHS range       [1e+00, 1e+00]
Presolve time: 0.00s
Presolved: 11 rows, 957 columns, 10337 nonzeros
Presolved model has 992 quadratic objective terms
Ordering time: 0.00s

Barrier statistics:
 Free vars  : 9
 AA' NZ     : 1.450e+02
 Factor NZ  : 2.100e+02
 Factor Ops : 2.870e+03 (less than 1 second per iteration)
 Threads    : 1

                  Objective                Residual
Iter       Primal          Dual         Primal    Dual     Compl     Time
   0   2.53245014e+08 -4.07656978e+08  5.64e+05 3.19e-02  4.15e+05     0s
   1   1.69361560e+07 -5.59230716e+07  1.32e+05 1.30e-10  1.03e+05     0s
   2   7.24046502e+05 -4.44212398e+06  1.23e+04 1.21e-11  1.00e+04     0s
   3   2.45954470e+04 -2.13326148e+05  5.41e+02 6.54e-13  4.85e+02     0s
   4   1.94947679e+01 -1.08108958e+03  2.33e+00 9.18e-13  2.25e+00     0s
   5   4.49068099e-03 -4.34287454e+01  2.33e-06 1.24e-12  2.27e-02     0s
   6   4.48121410e-03 -5.03109945e-02  6.10e-10 8.91e-13  2.86e-05     0s
   7   2.74359901e-03 -4.92334552e-03  1.04e-10 1.17e-13  4.01e-06     0s
   8   8.79678875e-04 -5.59044443e-03  4.06e-11 5.94e-14  3.38e-06     0s
   9  -5.03188930e-04 -2.25637387e-03  8.02e-09 2.27e-13  9.16e-07     0s
  10  -1.16687641e-03 -1.67571567e-03  3.66e-09 3.22e-17  2.66e-07     0s
  11  -1.44882966e-03 -1.54830795e-03  5.50e-09 2.29e-17  5.20e-08     0s
  12  -1.50062423e-03 -1.51149929e-03  6.95e-09 2.27e-13  5.68e-09     0s
  13  -1.50833093e-03 -1.50859915e-03  1.50e-09 2.60e-17  1.39e-10     0s
  14  -1.50857400e-03 -1.50857307e-03  3.66e-09 2.27e-13  7.74e-13     0s

Barrier solved model in 14 iterations and 0.01 seconds
Optimal objective -1.50857400e-03


Gurobi 6.5.1 (linux64) logging started Wed May 25 16:18:13 2016

Warning for adding constraints: zero or small (< 1e-13) coefficients, ignored
Optimize a model with 11 rows, 957 columns and 10337 nonzeros
Model has 992 quadratic objective terms
Coefficient statistics:
  Matrix range    [4e-06, 1e+00]
  Objective range [4e-06, 6e-03]
  Bounds range    [1e+00, 1e+05]
  RHS range       [1e+00, 1e+00]
Presolve time: 0.00s
Presolved: 11 rows, 957 columns, 10337 nonzeros
Presolved model has 992 quadratic objective terms
Ordering time: 0.00s

Barrier statistics:
 Free vars  : 9
 AA' NZ     : 1.450e+02
 Factor NZ  : 2.100e+02
 Factor Ops : 2.870e+03 (less than 1 second per iteration)
 Threads    : 1

                  Objective                Residual
Iter       Primal          Dual         Primal    Dual     Compl     Time
   0   2.62086215e+08 -4.15882860e+08  5.00e+05 3.19e-02  4.22e+05     0s
   1   1.59965103e+07 -5.40748032e+07  1.08e+05 2.05e-10  9.77e+04     0s
   2   6.53101271e+05 -4.04759137e+06  9.23e+03 1.76e-11  8.89e+03     0s
   3   1.73826895e+04 -1.69659877e+05  3.64e+02 9.67e-13  3.82e+02     0s
   4   5.18499487e+00 -7.48414824e+02  1.29e+00 1.05e-12  1.47e+00     0s
   5   4.02798504e-03 -4.85768010e+01  1.29e-06 1.14e-12  2.54e-02     0s
   6   4.02403902e-03 -5.40287672e-02  2.51e-10 6.87e-13  3.03e-05     0s
   7   3.04227509e-03 -4.47537750e-03  1.00e-09 8.65e-14  3.93e-06     0s
   8   1.41155906e-04 -4.58672456e-03  1.04e-10 4.55e-13  2.47e-06     0s
   9  -4.71949577e-04 -1.84888858e-03  1.13e-10 4.55e-13  7.19e-07     0s
  10  -1.10688340e-03 -1.54464692e-03  3.46e-10 2.94e-17  2.29e-07     0s
  11  -1.25256460e-03 -1.33925118e-03  4.92e-09 1.81e-17  4.53e-08     0s
  12  -1.30031724e-03 -1.30599272e-03  4.05e-09 2.70e-17  2.96e-09     0s
  13  -1.30498968e-03 -1.30502321e-03  1.38e-09 4.55e-13  1.74e-11     0s
  14  -1.30499993e-03 -1.30499993e-03  2.56e-09 2.66e-17  4.80e-13     0s

Barrier solved model in 14 iterations and 0.02 seconds
Optimal objective -1.30499993e-03


Gurobi 6.5.1 (linux64) logging started Wed May 25 16:18:18 2016

Warning for adding constraints: zero or small (< 1e-13) coefficients, ignored
Optimize a model with 11 rows, 957 columns and 10337 nonzeros
Model has 992 quadratic objective terms
Coefficient statistics:
  Matrix range    [4e-06, 1e+00]
  Objective range [4e-06, 6e-03]
  Bounds range    [1e+00, 1e+05]
  RHS range       [1e+00, 1e+00]
Presolve time: 0.00s
Presolved: 11 rows, 957 columns, 10337 nonzeros
Presolved model has 992 quadratic objective terms
Ordering time: 0.00s

Barrier statistics:
 Free vars  : 9
 AA' NZ     : 1.450e+02
 Factor NZ  : 2.100e+02
 Factor Ops : 2.870e+03 (less than 1 second per iteration)
 Threads    : 1

                  Objective                Residual
Iter       Primal          Dual         Primal    Dual     Compl     Time
   0   2.53702099e+08 -4.19383272e+08  4.37e+05 3.19e-02  4.26e+05     0s
   1   1.29240599e+07 -4.94132166e+07  8.28e+04 3.00e-10  8.78e+04     0s
   2   5.57940158e+05 -3.65110659e+06  6.75e+03 2.45e-11  7.64e+03     0s
   3   1.51007582e+04 -1.63670481e+05  2.82e+02 1.01e-12  3.50e+02     0s
   4   4.82101922e+00 -7.13698441e+02  9.50e-01 7.94e-13  1.30e+00     0s
   5   6.26421906e-03 -5.54075861e+01  9.50e-07 8.99e-13  2.90e-02     0s
   6   6.25457801e-03 -6.29931856e-02  2.38e-10 9.77e-13  3.62e-05     0s
   7   4.31877933e-03 -5.65980189e-03  2.51e-09 1.33e-13  5.21e-06     0s
   8   4.71979380e-04 -4.83808108e-03  1.56e-10 2.19e-14  2.77e-06     0s
   9  -2.08400190e-04 -1.65971182e-03  3.29e-10 4.55e-13  7.58e-07     0s
  10  -8.96453857e-04 -1.37362629e-03  8.53e-10 2.44e-17  2.49e-07     0s
  11  -1.09105371e-03 -1.18866749e-03  3.02e-09 4.55e-13  5.10e-08     0s
  12  -1.15549751e-03 -1.15965120e-03  7.06e-09 6.67e-17  2.17e-09     0s
  13  -1.15884095e-03 -1.15887076e-03  4.95e-10 4.55e-13  1.60e-11     0s
  14  -1.15884654e-03 -1.15884654e-03  9.90e-10 1.64e-17  2.48e-13     0s

Barrier solved model in 14 iterations and 0.02 seconds
Optimal objective -1.15884654e-03


Gurobi 6.5.1 (linux64) logging started Wed May 25 16:18:23 2016

Warning for adding constraints: zero or small (< 1e-13) coefficients, ignored
Optimize a model with 11 rows, 957 columns and 10337 nonzeros
Model has 992 quadratic objective terms
Coefficient statistics:
  Matrix range    [4e-06, 1e+00]
  Objective range [4e-06, 6e-03]
  Bounds range    [1e+00, 1e+05]
  RHS range       [1e+00, 1e+00]
Presolve time: 0.00s
Presolved: 11 rows, 957 columns, 10337 nonzeros
Presolved model has 992 quadratic objective terms
Ordering time: 0.00s

Barrier statistics:
 Free vars  : 9
 AA' NZ     : 1.450e+02
 Factor NZ  : 2.100e+02
 Factor Ops : 2.870e+03 (less than 1 second per iteration)
 Threads    : 1

                  Objective                Residual
Iter       Primal          Dual         Primal    Dual     Compl     Time
   0   2.51371118e+08 -4.16437119e+08  3.95e+05 2.56e-02  4.24e+05     0s
   1   1.20115491e+07 -4.56264564e+07  7.40e+04 4.04e-10  8.47e+04     0s
   2   5.31152843e+05 -3.40788495e+06  6.08e+03 3.32e-11  7.40e+03     0s
   3   1.61393811e+04 -1.55274944e+05  2.57e+02 1.40e-12  3.42e+02     0s
   4   4.55557833e+00 -6.96592839e+02  9.01e-01 9.86e-13  1.32e+00     0s
   5   6.91683404e-03 -5.98742001e+01  9.01e-07 1.00e-12  3.13e-02     0s
   6   6.90695271e-03 -6.79438990e-02  2.25e-10 5.15e-13  3.91e-05     0s
   7   4.87554073e-03 -5.91686554e-03  9.80e-10 7.08e-14  5.64e-06     0s
   8   1.52862817e-03 -6.30689599e-03  3.58e-10 4.55e-13  4.09e-06     0s
   9   3.80871817e-04 -2.04851665e-03  4.87e-10 8.85e-15  1.27e-06     0s
  10  -4.13849950e-04 -1.73682161e-03  1.42e-09 1.46e-15  6.91e-07     0s
  11  -8.52584839e-04 -1.17707066e-03  1.16e-09 2.26e-16  1.70e-07     0s
  12  -1.00379251e-03 -1.06223486e-03  3.35e-09 2.07e-17  3.05e-08     0s
  13  -1.04492158e-03 -1.04677863e-03  1.31e-08 4.55e-13  9.65e-10     0s
  14  -1.04636513e-03 -1.04637258e-03  4.44e-10 4.54e-13  2.93e-12     0s

Barrier solved model in 14 iterations and 0.01 seconds
Optimal objective -1.04636513e-03


Gurobi 6.5.1 (linux64) logging started Wed May 25 16:18:57 2016

Warning for adding constraints: zero or small (< 1e-13) coefficients, ignored
Optimize a model with 11 rows, 957 columns and 10337 nonzeros
Model has 992 quadratic objective terms
Coefficient statistics:
  Matrix range    [4e-06, 1e+00]
  Objective range [4e-06, 6e-03]
  Bounds range    [1e+00, 1e+05]
  RHS range       [1e+00, 1e+00]
Presolve time: 0.00s
Presolved: 11 rows, 957 columns, 10337 nonzeros
Presolved model has 992 quadratic objective terms
Ordering time: 0.00s

Barrier statistics:
 Free vars  : 9
 AA' NZ     : 1.450e+02
 Factor NZ  : 2.100e+02
 Factor Ops : 2.870e+03 (less than 1 second per iteration)
 Threads    : 1

                  Objective                Residual
Iter       Primal          Dual         Primal    Dual     Compl     Time
   0   2.51731135e+08 -2.97391657e+08  3.44e+05 1.02e-01  3.41e+05     0s
   1   1.02469971e+07 -2.21260530e+07  6.01e+04 1.55e-10  6.39e+04     0s
   2   5.88809393e+05 -2.25798533e+06  6.82e+03 1.76e-11  7.75e+03     0s
   3   1.92427861e+04 -1.13347734e+05  2.98e+02 7.53e-13  3.76e+02     0s
   4   9.93144536e+00 -5.42965342e+02  1.16e+00 8.81e-13  1.57e+00     0s
   5   1.88486651e-04 -1.69378766e+01  1.16e-06 1.53e-12  8.85e-03     0s
   6   1.87843922e-04 -2.09476721e-02  2.89e-10 1.03e-12  1.10e-05     0s
   7  -2.75064958e-05 -4.01962898e-03  5.35e-11 1.90e-13  2.09e-06     0s
   8  -1.78370380e-03 -3.73616873e-03  4.18e-11 1.97e-16  1.02e-06     0s
   9  -2.20621028e-03 -3.07903043e-03  4.20e-09 1.53e-16  4.56e-07     0s
  10  -2.37589073e-03 -2.73268973e-03  5.35e-10 2.27e-13  1.86e-07     0s
  11  -2.62315525e-03 -2.63481983e-03  5.09e-11 1.36e-16  6.09e-09     0s
  12  -2.63003027e-03 -2.63006520e-03  2.56e-09 1.39e-16  1.84e-11     0s
  13  -2.63005507e-03 -2.63005658e-03  3.67e-09 2.27e-13  8.37e-13     0s

Barrier solved model in 13 iterations and 0.01 seconds
Optimal objective -2.63005507e-03


Gurobi 6.5.1 (linux64) logging started Wed May 25 16:33:22 2016

Warning for adding constraints: zero or small (< 1e-13) coefficients, ignored
Optimize a model with 1906 rows, 3800 columns and 19809 nonzeros
Model has 992 quadratic objective terms
Coefficient statistics:
  Matrix range    [4e-06, 1e+00]
  Objective range [1e+00, 1e+00]
  Bounds range    [1e+00, 1e+05]
  RHS range       [1e+00, 1e+00]
Presolve removed 267 rows and 267 columns
Presolve time: 0.01s
Presolved: 1639 rows, 3533 columns, 18474 nonzeros
Presolved model has 992 quadratic objective terms
Ordering time: 0.00s

Barrier statistics:
 Dense cols : 1
 Free vars  : 9
 AA' NZ     : 1.081e+04
 Factor NZ  : 2.095e+04 (roughly 2 MBytes of memory)
 Factor Ops : 2.981e+05 (less than 1 second per iteration)
 Threads    : 1

                  Objective                Residual
Iter       Primal          Dual         Primal    Dual     Compl     Time
   0   4.92831896e+11 -5.03673666e+11  1.81e+07 4.31e+04  3.53e+07     0s
   1   2.52971499e+10 -3.38435037e+10  4.07e+06 9.71e+03  8.62e+06     0s
   2   1.31771900e+09 -5.76369161e+09  8.68e+05 2.07e+03  2.17e+06     0s
   3   2.52342233e+07 -1.56172347e+09  7.32e+04 1.75e+02  3.28e+05     0s
   4   1.68649852e+06 -3.29494264e+08  6.17e+03 1.47e+01  4.89e+04     0s
   5   1.53458992e+05 -9.08438938e+07  1.50e+03 3.57e+00  1.31e+04     0s
   6   6.22359367e+04 -4.65702334e+07  7.79e+02 1.86e+00  7.93e+03     0s
   7   6.07732284e+04 -4.11761415e+07  7.04e+02 1.68e+00  7.35e+03     0s
   8   6.13209654e+04 -2.05134322e+07  3.85e+02 9.18e-01  4.47e+03     0s
   9   1.25032254e+04 -9.45286920e+06  1.47e+02 3.50e-01  2.24e+03     0s
  10   7.67265805e+00 -6.62103789e+05  4.87e+00 1.16e-02  1.21e+02     0s
  11   2.23167613e-03 -6.70992508e+03  4.12e-02 9.82e-05  1.15e+00     0s
  12   1.17252022e-03 -3.33966133e+03  1.76e-02 4.20e-05  5.66e-01     0s
  13   1.03818811e-03 -2.07145518e+03  9.87e-03 2.35e-05  3.42e-01     0s
  14   9.35364515e-04 -1.21323002e+03  5.04e-03 1.20e-05  1.92e-01     0s
  15   8.55779275e-04 -5.77451747e+02  1.92e-03 4.59e-06  8.48e-02     0s
  16   7.90167600e-04 -1.29183950e+02  2.16e-04 5.15e-07  1.61e-02     0s
  17   7.77162611e-04 -4.00868088e+00  1.50e-06 3.58e-09  4.62e-04     0s
  18   7.76890665e-04 -1.21003632e-02  4.82e-09 1.15e-11  1.48e-06     0s
  19   7.57092610e-04 -4.27295081e-03  1.81e-09 4.32e-12  5.79e-07     0s
  20   7.03303143e-04 -1.36995129e-03  5.85e-10 1.40e-12  2.38e-07     0s
  21   6.44411892e-04 -9.12820920e-04  3.31e-10 7.90e-13  1.79e-07     0s
  22   4.68164682e-04 -9.97036695e-04  6.28e-10 6.79e-13  1.69e-07     0s
  23   3.46859917e-04 -3.82786617e-04  2.45e-10 4.55e-13  8.39e-08     0s
  24   3.43572348e-04 -3.69161367e-04  2.40e-10 2.15e-13  8.20e-08     0s
  25   3.06796283e-04 -2.51587480e-04  3.47e-10 1.28e-13  6.42e-08     0s
  26   2.09497288e-04 -2.13613734e-04  1.14e-10 4.55e-13  4.87e-08     0s
  27   1.21237710e-04 -3.89683992e-05  1.60e-10 2.26e-14  1.84e-08     0s
  28   8.89785588e-05  3.14433128e-05  5.09e-11 5.08e-15  6.62e-09     0s
  29   7.39358366e-05  5.66225499e-05  6.00e-10 4.55e-13  1.99e-09     0s
  30   6.92289323e-05  6.34565949e-05  1.60e-10 4.55e-13  6.64e-10     0s
  31   6.75823539e-05  6.57346100e-05  1.44e-09 4.93e-16  2.12e-10     0s
  32   6.68410212e-05  6.67087734e-05  3.29e-09 4.55e-13  1.43e-11     0s
  33   6.67758286e-05  6.67814165e-05  5.19e-10 4.55e-13  1.99e-14     0s

Barrier solved model in 33 iterations and 0.10 seconds
Optimal objective 6.67758286e-05

